0 info it worked if it ends with ok
1 verbose cli [ 'node', '/usr/local/bin/npm', 'install', 'slideout' ]
2 info using npm@2.10.1
3 info using node@v0.12.4
4 verbose install initial load of /Users/dli/Onboarding/package.json
5 verbose readDependencies loading dependencies from /Users/dli/Onboarding/package.json
6 silly cache add args [ 'slideout', null ]
7 verbose cache add spec slideout
8 silly cache add parsed spec { raw: 'slideout',
8 silly cache add   scope: null,
8 silly cache add   name: 'slideout',
8 silly cache add   rawSpec: '',
8 silly cache add   spec: '*',
8 silly cache add   type: 'range' }
9 silly addNamed slideout@*
10 verbose addNamed "*" is a valid semver range for slideout
11 silly addNameRange { name: 'slideout', range: '*', hasData: false }
12 silly mapToRegistry name slideout
13 silly mapToRegistry using default registry
14 silly mapToRegistry registry https://registry.npmjs.org/
15 silly mapToRegistry uri https://registry.npmjs.org/slideout
16 verbose addNameRange registry:https://registry.npmjs.org/slideout not in flight; fetching
17 verbose request uri https://registry.npmjs.org/slideout
18 verbose request no auth needed
19 info attempt registry request try #1 at 10:41:18 AM
20 verbose request id 66c8e0a2b5aab6f6
21 verbose etag "4PZO0DXT4VBN4ZN0FBYQT1DZ2"
22 http request GET https://registry.npmjs.org/slideout
23 http 304 https://registry.npmjs.org/slideout
24 silly get cb [ 304,
24 silly get   { date: 'Mon, 29 Jun 2015 17:41:18 GMT',
24 silly get     via: '1.1 varnish',
24 silly get     'cache-control': 'max-age=60',
24 silly get     etag: '"4PZO0DXT4VBN4ZN0FBYQT1DZ2"',
24 silly get     age: '0',
24 silly get     connection: 'keep-alive',
24 silly get     'x-served-by': 'cache-lax1427-LAX',
24 silly get     'x-cache': 'MISS',
24 silly get     'x-cache-hits': '0',
24 silly get     'x-timer': 'S1435599678.843621,VS0,VE85',
24 silly get     vary: 'Accept' } ]
25 verbose etag https://registry.npmjs.org/slideout from cache
26 verbose get saving slideout to /Users/dli/.npm/registry.npmjs.org/slideout/.cache.json
27 silly addNameRange number 2 { name: 'slideout', range: '*', hasData: true }
28 silly addNameRange versions [ 'slideout',
28 silly addNameRange   [ '0.1.1',
28 silly addNameRange     '0.1.2',
28 silly addNameRange     '0.1.3',
28 silly addNameRange     '0.1.4',
28 silly addNameRange     '0.1.5',
28 silly addNameRange     '0.1.6',
28 silly addNameRange     '0.1.7',
28 silly addNameRange     '0.1.8',
28 silly addNameRange     '0.1.9' ] ]
29 silly addNamed slideout@0.1.9
30 verbose addNamed "0.1.9" is a plain semver version for slideout
31 silly cache afterAdd slideout@0.1.9
32 verbose afterAdd /Users/dli/.npm/slideout/0.1.9/package/package.json not in flight; writing
33 verbose afterAdd /Users/dli/.npm/slideout/0.1.9/package/package.json written
34 silly install resolved [ { name: 'slideout',
34 silly install resolved     repository:
34 silly install resolved      { type: 'git',
34 silly install resolved        url: 'git+ssh://git@github.com/mango/slideout.git' },
34 silly install resolved     description: 'A touch slideout navigation menu for your mobile web apps.',
34 silly install resolved     author: { name: 'Guille Paz', email: 'guille87paz@gmail.com' },
34 silly install resolved     version: '0.1.9',
34 silly install resolved     scripts:
34 silly install resolved      { build: 'node browserify.js',
34 silly install resolved        test: 'npm run build && _mocha',
34 silly install resolved        dist: 'node browserify.js && uglifyjs ./dist/slideout.js -m -o ./dist/slideout.min.js',
34 silly install resolved        hint: 'jshint index.js' },
34 silly install resolved     dependencies:
34 silly install resolved      { decouple: '0.0.1',
34 silly install resolved        emitter: 'git+https://github.com/Mango/emitter.git#0.0.7' },
34 silly install resolved     devDependencies:
34 silly install resolved      { 'better-assert': '1.0.1',
34 silly install resolved        browserify: '7.0.3',
34 silly install resolved        jsdom: '3.1.1',
34 silly install resolved        mocha: '2.1.0',
34 silly install resolved        'uglify-js': '2.4.15',
34 silly install resolved        jshint: '2.6.3' },
34 silly install resolved     main: 'index.js',
34 silly install resolved     keywords: [ 'slideout', 'offcanvas', 'menu', 'touch' ],
34 silly install resolved     license: 'MIT',
34 silly install resolved     spm: { dependencies: [Object], main: 'index.js' },
34 silly install resolved     bugs: { url: 'https://github.com/mango/slideout/issues' },
34 silly install resolved     homepage: 'https://github.com/mango/slideout',
34 silly install resolved     _id: 'slideout@0.1.9',
34 silly install resolved     dist:
34 silly install resolved      { shasum: 'bcda11f70d8650c268cc85f6e5643c637b47cff8',
34 silly install resolved        tarball: 'http://registry.npmjs.org/slideout/-/slideout-0.1.9.tgz' },
34 silly install resolved     _from: 'slideout@*',
34 silly install resolved     _npmVersion: '1.4.3',
34 silly install resolved     _npmUser: { name: 'pazguille', email: 'guille87paz@gmail.com' },
34 silly install resolved     maintainers: [ [Object] ],
34 silly install resolved     directories: {},
34 silly install resolved     _shasum: 'bcda11f70d8650c268cc85f6e5643c637b47cff8',
34 silly install resolved     _resolved: 'https://registry.npmjs.org/slideout/-/slideout-0.1.9.tgz',
34 silly install resolved     readme: 'ERROR: No README data found!' } ]
35 info install slideout@0.1.9 into /Users/dli/Onboarding
36 info installOne slideout@0.1.9
37 verbose installOne of slideout to /Users/dli/Onboarding not in flight; installing
38 warn locking Error: EACCES, open '/Users/dli/.npm/_locks/slideout-4c03e007d743a9d1.lock'
38 warn locking     at Error (native)
38 warn locking  /Users/dli/.npm/_locks/slideout-4c03e007d743a9d1.lock failed { [Error: EACCES, open '/Users/dli/.npm/_locks/slideout-4c03e007d743a9d1.lock']
38 warn locking   errno: -13,
38 warn locking   code: 'EACCES',
38 warn locking   path: '/Users/dli/.npm/_locks/slideout-4c03e007d743a9d1.lock' }
39 verbose stack Error: Attempt to unlock /Users/dli/Onboarding/node_modules/slideout, which hasn't been locked
39 verbose stack     at unlock (/usr/local/lib/node_modules/npm/lib/utils/locker.js:66:11)
39 verbose stack     at cb (/usr/local/lib/node_modules/npm/lib/install.js:1017:5)
39 verbose stack     at /usr/local/lib/node_modules/npm/lib/install.js:1021:20
39 verbose stack     at /usr/local/lib/node_modules/npm/lib/utils/locker.js:40:9
39 verbose stack     at cb (/usr/local/lib/node_modules/npm/node_modules/lockfile/lockfile.js:149:38)
39 verbose stack     at /usr/local/lib/node_modules/npm/node_modules/lockfile/lockfile.js:177:38
39 verbose stack     at FSReqWrap.oncomplete (fs.js:95:15)
40 verbose cwd /Users/dli/Onboarding
41 error Darwin 14.3.0
42 error argv "node" "/usr/local/bin/npm" "install" "slideout"
43 error node v0.12.4
44 error npm  v2.10.1
45 error Attempt to unlock /Users/dli/Onboarding/node_modules/slideout, which hasn't been locked
46 error If you need help, you may report this error at:
46 error     <https://github.com/npm/npm/issues>
47 verbose exit [ 1, true ]
