

Started GET "/" for ::1 at 2015-06-26 14:40:15 -0700
Processing by Rails::WelcomeController#index as HTML
  Rendered C:/RailsInstaller/Ruby2.1.0/lib/ruby/gems/2.1.0/gems/railties-4.2.3/lib/rails/templates/rails/welcome/index.html.erb (5.0ms)
Completed 200 OK in 38ms (Views: 25.0ms | ActiveRecord: 0.0ms)


Started GET "/" for ::1 at 2015-06-26 14:49:32 -0700
Processing by Rails::WelcomeController#index as HTML
  Rendered C:/RailsInstaller/Ruby2.1.0/lib/ruby/gems/2.1.0/gems/railties-4.2.3/lib/rails/templates/rails/welcome/index.html.erb (0.0ms)
Completed 200 OK in 3ms (Views: 2.5ms | ActiveRecord: 0.0ms)


Started GET "/" for ::1 at 2015-06-26 14:49:35 -0700
Processing by Rails::WelcomeController#index as HTML
  Rendered C:/RailsInstaller/Ruby2.1.0/lib/ruby/gems/2.1.0/gems/railties-4.2.3/lib/rails/templates/rails/welcome/index.html.erb (0.0ms)
Completed 200 OK in 10ms (Views: 7.5ms | ActiveRecord: 0.0ms)


Started GET "/" for ::1 at 2015-06-26 14:49:36 -0700
Processing by Rails::WelcomeController#index as HTML
  Rendered C:/RailsInstaller/Ruby2.1.0/lib/ruby/gems/2.1.0/gems/railties-4.2.3/lib/rails/templates/rails/welcome/index.html.erb (0.0ms)
Completed 200 OK in 5ms (Views: 2.5ms | ActiveRecord: 0.0ms)


Started GET "/" for ::1 at 2015-06-26 14:50:17 -0700

NameError (undefined local variable or method `application' for #<ActionDispatch::Routing::Mapper:0x665bef0>):
  config/routes.rb:3:in `block in <top (required)>'
  config/routes.rb:1:in `<top (required)>'


  Rendered C:/RailsInstaller/Ruby2.1.0/lib/ruby/gems/2.1.0/gems/actionpack-4.2.3/lib/action_dispatch/middleware/templates/rescues/_source.erb (0.0ms)
  Rendered C:/RailsInstaller/Ruby2.1.0/lib/ruby/gems/2.1.0/gems/actionpack-4.2.3/lib/action_dispatch/middleware/templates/rescues/_trace.html.erb (5.0ms)
  Rendered C:/RailsInstaller/Ruby2.1.0/lib/ruby/gems/2.1.0/gems/actionpack-4.2.3/lib/action_dispatch/middleware/templates/rescues/_request_and_response.html.erb (0.0ms)
  Rendered C:/RailsInstaller/Ruby2.1.0/lib/ruby/gems/2.1.0/gems/actionpack-4.2.3/lib/action_dispatch/middleware/templates/rescues/diagnostics.html.erb within rescues/layout (52.5ms)
  Rendered C:/RailsInstaller/Ruby2.1.0/lib/ruby/gems/2.1.0/gems/web-console-2.1.3/lib/web_console/templates/_markup.html.erb (0.0ms)
  Rendered C:/RailsInstaller/Ruby2.1.0/lib/ruby/gems/2.1.0/gems/web-console-2.1.3/lib/web_console/templates/style.css.erb within layouts/inlined_string (2.5ms)
  Rendered C:/RailsInstaller/Ruby2.1.0/lib/ruby/gems/2.1.0/gems/web-console-2.1.3/lib/web_console/templates/_inner_console_markup.html.erb within layouts/inlined_string (0.0ms)
  Rendered C:/RailsInstaller/Ruby2.1.0/lib/ruby/gems/2.1.0/gems/web-console-2.1.3/lib/web_console/templates/_prompt_box_markup.html.erb within layouts/inlined_string (2.5ms)
  Rendered C:/RailsInstaller/Ruby2.1.0/lib/ruby/gems/2.1.0/gems/web-console-2.1.3/lib/web_console/templates/console.js.erb within layouts/javascript (65.0ms)
  Rendered C:/RailsInstaller/Ruby2.1.0/lib/ruby/gems/2.1.0/gems/web-console-2.1.3/lib/web_console/templates/main.js.erb within layouts/javascript (0.0ms)
  Rendered C:/RailsInstaller/Ruby2.1.0/lib/ruby/gems/2.1.0/gems/web-console-2.1.3/lib/web_console/templates/error_page.js.erb within layouts/javascript (0.0ms)
  Rendered C:/RailsInstaller/Ruby2.1.0/lib/ruby/gems/2.1.0/gems/web-console-2.1.3/lib/web_console/templates/index.html.erb (140.0ms)


Started GET "/" for ::1 at 2015-06-26 14:56:17 -0700

ActionController::RoutingError (uninitialized constant ViewsController):
  activesupport (4.2.3) lib/active_support/inflector/methods.rb:261:in `const_get'
  activesupport (4.2.3) lib/active_support/inflector/methods.rb:261:in `block in constantize'
  activesupport (4.2.3) lib/active_support/inflector/methods.rb:259:in `each'
  activesupport (4.2.3) lib/active_support/inflector/methods.rb:259:in `inject'
  activesupport (4.2.3) lib/active_support/inflector/methods.rb:259:in `constantize'
  actionpack (4.2.3) lib/action_dispatch/routing/route_set.rb:72:in `controller_reference'
  actionpack (4.2.3) lib/action_dispatch/routing/route_set.rb:62:in `controller'
  actionpack (4.2.3) lib/action_dispatch/routing/route_set.rb:41:in `serve'
  actionpack (4.2.3) lib/action_dispatch/journey/router.rb:43:in `block in serve'
  actionpack (4.2.3) lib/action_dispatch/journey/router.rb:30:in `each'
  actionpack (4.2.3) lib/action_dispatch/journey/router.rb:30:in `serve'
  actionpack (4.2.3) lib/action_dispatch/routing/route_set.rb:821:in `call'
  rack (1.6.4) lib/rack/etag.rb:24:in `call'
  rack (1.6.4) lib/rack/conditionalget.rb:25:in `call'
  rack (1.6.4) lib/rack/head.rb:13:in `call'
  actionpack (4.2.3) lib/action_dispatch/middleware/params_parser.rb:27:in `call'
  actionpack (4.2.3) lib/action_dispatch/middleware/flash.rb:260:in `call'
  rack (1.6.4) lib/rack/session/abstract/id.rb:225:in `context'
  rack (1.6.4) lib/rack/session/abstract/id.rb:220:in `call'
  actionpack (4.2.3) lib/action_dispatch/middleware/cookies.rb:560:in `call'
  activerecord (4.2.3) lib/active_record/query_cache.rb:36:in `call'
  activerecord (4.2.3) lib/active_record/connection_adapters/abstract/connection_pool.rb:653:in `call'
  activerecord (4.2.3) lib/active_record/migration.rb:377:in `call'
  actionpack (4.2.3) lib/action_dispatch/middleware/callbacks.rb:29:in `block in call'
  activesupport (4.2.3) lib/active_support/callbacks.rb:84:in `run_callbacks'
  actionpack (4.2.3) lib/action_dispatch/middleware/callbacks.rb:27:in `call'
  actionpack (4.2.3) lib/action_dispatch/middleware/reloader.rb:73:in `call'
  actionpack (4.2.3) lib/action_dispatch/middleware/remote_ip.rb:78:in `call'
  actionpack (4.2.3) lib/action_dispatch/middleware/debug_exceptions.rb:17:in `call'
  web-console (2.1.3) lib/web_console/middleware.rb:37:in `call'
  actionpack (4.2.3) lib/action_dispatch/middleware/show_exceptions.rb:30:in `call'
  railties (4.2.3) lib/rails/rack/logger.rb:38:in `call_app'
  railties (4.2.3) lib/rails/rack/logger.rb:20:in `block in call'
  activesupport (4.2.3) lib/active_support/tagged_logging.rb:68:in `block in tagged'
  activesupport (4.2.3) lib/active_support/tagged_logging.rb:26:in `tagged'
  activesupport (4.2.3) lib/active_support/tagged_logging.rb:68:in `tagged'
  railties (4.2.3) lib/rails/rack/logger.rb:20:in `call'
  actionpack (4.2.3) lib/action_dispatch/middleware/request_id.rb:21:in `call'
  rack (1.6.4) lib/rack/methodoverride.rb:22:in `call'
  rack (1.6.4) lib/rack/runtime.rb:18:in `call'
  activesupport (4.2.3) lib/active_support/cache/strategy/local_cache_middleware.rb:28:in `call'
  rack (1.6.4) lib/rack/lock.rb:17:in `call'
  actionpack (4.2.3) lib/action_dispatch/middleware/static.rb:116:in `call'
  rack (1.6.4) lib/rack/sendfile.rb:113:in `call'
  railties (4.2.3) lib/rails/engine.rb:518:in `call'
  railties (4.2.3) lib/rails/application.rb:165:in `call'
  rack (1.6.4) lib/rack/lock.rb:17:in `call'
  rack (1.6.4) lib/rack/content_length.rb:15:in `call'
  rack (1.6.4) lib/rack/handler/webrick.rb:88:in `service'
  C:/RailsInstaller/Ruby2.1.0/lib/ruby/2.1.0/webrick/httpserver.rb:138:in `service'
  C:/RailsInstaller/Ruby2.1.0/lib/ruby/2.1.0/webrick/httpserver.rb:94:in `run'
  C:/RailsInstaller/Ruby2.1.0/lib/ruby/2.1.0/webrick/server.rb:295:in `block in start_thread'


  Rendered C:/RailsInstaller/Ruby2.1.0/lib/ruby/gems/2.1.0/gems/actionpack-4.2.3/lib/action_dispatch/middleware/templates/rescues/_trace.html.erb (2.5ms)
  Rendered C:/RailsInstaller/Ruby2.1.0/lib/ruby/gems/2.1.0/gems/actionpack-4.2.3/lib/action_dispatch/middleware/templates/routes/_route.html.erb (0.0ms)
  Rendered C:/RailsInstaller/Ruby2.1.0/lib/ruby/gems/2.1.0/gems/actionpack-4.2.3/lib/action_dispatch/middleware/templates/routes/_table.html.erb (17.5ms)
  Rendered C:/RailsInstaller/Ruby2.1.0/lib/ruby/gems/2.1.0/gems/actionpack-4.2.3/lib/action_dispatch/middleware/templates/rescues/_request_and_response.html.erb (15.0ms)
  Rendered C:/RailsInstaller/Ruby2.1.0/lib/ruby/gems/2.1.0/gems/actionpack-4.2.3/lib/action_dispatch/middleware/templates/rescues/routing_error.html.erb within rescues/layout (80.0ms)
  Rendered C:/RailsInstaller/Ruby2.1.0/lib/ruby/gems/2.1.0/gems/web-console-2.1.3/lib/web_console/templates/_markup.html.erb (0.0ms)
  Rendered C:/RailsInstaller/Ruby2.1.0/lib/ruby/gems/2.1.0/gems/web-console-2.1.3/lib/web_console/templates/style.css.erb within layouts/inlined_string (0.0ms)
  Rendered C:/RailsInstaller/Ruby2.1.0/lib/ruby/gems/2.1.0/gems/web-console-2.1.3/lib/web_console/templates/_inner_console_markup.html.erb within layouts/inlined_string (0.0ms)
  Rendered C:/RailsInstaller/Ruby2.1.0/lib/ruby/gems/2.1.0/gems/web-console-2.1.3/lib/web_console/templates/_prompt_box_markup.html.erb within layouts/inlined_string (2.5ms)
  Rendered C:/RailsInstaller/Ruby2.1.0/lib/ruby/gems/2.1.0/gems/web-console-2.1.3/lib/web_console/templates/console.js.erb within layouts/javascript (37.5ms)
  Rendered C:/RailsInstaller/Ruby2.1.0/lib/ruby/gems/2.1.0/gems/web-console-2.1.3/lib/web_console/templates/main.js.erb within layouts/javascript (2.5ms)
  Rendered C:/RailsInstaller/Ruby2.1.0/lib/ruby/gems/2.1.0/gems/web-console-2.1.3/lib/web_console/templates/error_page.js.erb within layouts/javascript (0.0ms)
  Rendered C:/RailsInstaller/Ruby2.1.0/lib/ruby/gems/2.1.0/gems/web-console-2.1.3/lib/web_console/templates/index.html.erb (80.0ms)
